<?xml version="1.0" encoding="UTF-8"?>
<robot generator="Robot 6.1.1 (Python 3.10.12 on win32)" generated="20231128 13:38:13.021" rpa="false" schemaversion="4">
<suite id="s1" name="Producer" source="c:\Users\apeks\OneDrive\Desktop\my-first-robot\robocorp_level_3\producer.robot">
<test id="s1-t1" name="Produce traffic data work items" line="19">
<kw name="Download traffic data">
<kw name="Download" library="RPA.HTTP">
<arg>https://github.com/robocorp/inhuman-insurance-inc/raw/main/RS_198.json</arg>
<arg>${TRAFFIC_JSON_FILE_PATH}</arg>
<arg>overwrite=True</arg>
<doc>An alias for the ``HTTP Get`` keyword.</doc>
<msg timestamp="20231128 13:38:17.332" level="INFO">Creating a new HTTP session</msg>
<msg timestamp="20231128 13:38:17.341" level="INFO">Creating Session using : alias=rpasession_alias.httpsgithub.com, url=https://github.com, headers={},                     cookies={}, auth=None, timeout=None, proxies=None, verify=True,                     debug=0 </msg>
<status status="PASS" starttime="20231128 13:38:17.332" endtime="20231128 13:38:19.902"/>
</kw>
<status status="PASS" starttime="20231128 13:38:17.332" endtime="20231128 13:38:19.902"/>
</kw>
<kw name="Load traffic data as table">
<var>${traffic_data}</var>
<kw name="Load JSON from file" library="RPA.JSON">
<var>${json}</var>
<arg>${TRAFFIC_JSON_FILE_PATH}</arg>
<doc>Load JSON data from a file, and return it as JSON serializable object.
Depending on the input file the object can be either a dictionary,
a list, or a scalar value.</doc>
<msg timestamp="20231128 13:38:19.912" level="INFO">Loading JSON from file: C:\Users\apeks\OneDrive\Desktop\my-first-robot\traffic.json</msg>
<msg timestamp="20231128 13:38:20.075" level="INFO">${json} = {'@odata.context': 'https://ghoapi.azureedge.net/api/$metadata#RS_198', 'value': [{'Id': 25257658, 'IndicatorCode': 'RS_198', 'SpatialDimType': 'COUNTRY', 'SpatialDim': 'AFG', 'TimeDimType': 'YEAR', '...</msg>
<status status="PASS" starttime="20231128 13:38:19.910" endtime="20231128 13:38:20.075"/>
</kw>
<kw name="Create Table" library="RPA.Tables">
<var>${table}</var>
<arg>${json}[value]</arg>
<doc>Create Table object from data.</doc>
<msg timestamp="20231128 13:38:20.326" level="INFO">Created table: Table(columns=['Id', 'IndicatorCode', 'SpatialDimType', 'SpatialDim', 'TimeDimType', 'TimeDim', 'Dim1Type', 'Dim1', 'Dim2Type', 'Dim2', 'Dim3Type', 'Dim3', 'DataSourceDimType', 'DataSourceDim', 'Value', 'NumericValue', 'Low', 'High', 'Comments', 'Date', 'TimeDimensionValue', 'TimeDimensionBegin', 'TimeDimensionEnd'], rows=11640)</msg>
<msg timestamp="20231128 13:38:20.326" level="INFO">${table} = Table(columns=['Id', 'IndicatorCode', 'SpatialDimType', 'SpatialDim', 'TimeDimType', 'TimeDim', 'Dim1Type', 'Dim1', 'Dim2Type', 'Dim2', 'Dim3Type', 'Dim3', 'DataSourceDimType', 'DataSourceDim', 'Value...</msg>
<status status="PASS" starttime="20231128 13:38:20.075" endtime="20231128 13:38:20.326"/>
</kw>
<return>
<value>${table}</value>
<status status="PASS" starttime="20231128 13:38:20.326" endtime="20231128 13:38:20.332"/>
</return>
<msg timestamp="20231128 13:38:20.332" level="INFO">${traffic_data} = Table(columns=['Id', 'IndicatorCode', 'SpatialDimType', 'SpatialDim', 'TimeDimType', 'TimeDim', 'Dim1Type', 'Dim1', 'Dim2Type', 'Dim2', 'Dim3Type', 'Dim3', 'DataSourceDimType', 'DataSourceDim', 'Value...</msg>
<status status="PASS" starttime="20231128 13:38:19.908" endtime="20231128 13:38:20.332"/>
</kw>
<kw name="Filter and sort traffic data">
<var>${filtered_data}</var>
<arg>${traffic_data}</arg>
<kw name="Set Variable" library="BuiltIn">
<var>${max_rate}</var>
<arg>${5.0}</arg>
<doc>Returns the given values which can then be assigned to a variables.</doc>
<msg timestamp="20231128 13:38:20.332" level="INFO">${max_rate} = 5.0</msg>
<status status="PASS" starttime="20231128 13:38:20.332" endtime="20231128 13:38:20.332"/>
</kw>
<kw name="Set Variable" library="BuiltIn">
<var>${rate_key}</var>
<arg>NumericValue</arg>
<doc>Returns the given values which can then be assigned to a variables.</doc>
<msg timestamp="20231128 13:38:20.332" level="INFO">${rate_key} = NumericValue</msg>
<status status="PASS" starttime="20231128 13:38:20.332" endtime="20231128 13:38:20.332"/>
</kw>
<kw name="Set Variable" library="BuiltIn">
<var>${gender_key}</var>
<arg>Dim1</arg>
<doc>Returns the given values which can then be assigned to a variables.</doc>
<msg timestamp="20231128 13:38:20.332" level="INFO">${gender_key} = Dim1</msg>
<status status="PASS" starttime="20231128 13:38:20.332" endtime="20231128 13:38:20.332"/>
</kw>
<kw name="Set Variable" library="BuiltIn">
<var>${both_genders}</var>
<arg>BTSX</arg>
<doc>Returns the given values which can then be assigned to a variables.</doc>
<msg timestamp="20231128 13:38:20.332" level="INFO">${both_genders} = BTSX</msg>
<status status="PASS" starttime="20231128 13:38:20.332" endtime="20231128 13:38:20.332"/>
</kw>
<kw name="Set Variable" library="BuiltIn">
<var>${year_key}</var>
<arg>TimeDim</arg>
<doc>Returns the given values which can then be assigned to a variables.</doc>
<msg timestamp="20231128 13:38:20.332" level="INFO">${year_key} = TimeDim</msg>
<status status="PASS" starttime="20231128 13:38:20.332" endtime="20231128 13:38:20.332"/>
</kw>
<kw name="Filter Table By Column" library="RPA.Tables">
<arg>${table}</arg>
<arg>${rate_key}</arg>
<arg>&lt;</arg>
<arg>${max_rate}</arg>
<doc>Remove all rows where column values don't match the
given condition.</doc>
<msg timestamp="20231128 13:38:20.382" level="INFO">Filtered -10339 rows</msg>
<status status="PASS" starttime="20231128 13:38:20.332" endtime="20231128 13:38:20.382"/>
</kw>
<kw name="Filter Table By Column" library="RPA.Tables">
<arg>${table}</arg>
<arg>${gender_key}</arg>
<arg>==</arg>
<arg>${both_genders}</arg>
<doc>Remove all rows where column values don't match the
given condition.</doc>
<msg timestamp="20231128 13:38:20.387" level="INFO">Filtered -1056 rows</msg>
<status status="PASS" starttime="20231128 13:38:20.382" endtime="20231128 13:38:20.387"/>
</kw>
<kw name="Sort Table By Column" library="RPA.Tables">
<arg>${table}</arg>
<arg>${year_key}</arg>
<arg>False</arg>
<doc>Sort a table in-place according to ``column``.</doc>
<status status="PASS" starttime="20231128 13:38:20.387" endtime="20231128 13:38:20.387"/>
</kw>
<return>
<value>${table}</value>
<status status="PASS" starttime="20231128 13:38:20.387" endtime="20231128 13:38:20.387"/>
</return>
<msg timestamp="20231128 13:38:20.387" level="INFO">${filtered_data} = Table(columns=['Id', 'IndicatorCode', 'SpatialDimType', 'SpatialDim', 'TimeDimType', 'TimeDim', 'Dim1Type', 'Dim1', 'Dim2Type', 'Dim2', 'Dim3Type', 'Dim3', 'DataSourceDimType', 'DataSourceDim', 'Value...</msg>
<status status="PASS" starttime="20231128 13:38:20.332" endtime="20231128 13:38:20.387"/>
</kw>
<kw name="Get latest data by country">
<var>${filtered_data}</var>
<arg>${filtered_data}</arg>
<kw name="Set Variable" library="BuiltIn">
<var>${country_key}</var>
<arg>SpatialDim</arg>
<doc>Returns the given values which can then be assigned to a variables.</doc>
<msg timestamp="20231128 13:38:20.392" level="INFO">${country_key} = SpatialDim</msg>
<status status="PASS" starttime="20231128 13:38:20.392" endtime="20231128 13:38:20.392"/>
</kw>
<kw name="Group Table By Column" library="RPA.Tables">
<var>${table}</var>
<arg>${table}</arg>
<arg>${country_key}</arg>
<doc>Group a table by ``column`` and return a list of grouped Tables.</doc>
<msg timestamp="20231128 13:38:20.404" level="INFO">Found 30 groups</msg>
<msg timestamp="20231128 13:38:20.404" level="INFO">${table} = [Table(columns=['Id', 'IndicatorCode', 'SpatialDimType', 'SpatialDim', 'TimeDimType', 'TimeDim', 'Dim1Type', 'Dim1', 'Dim2Type', 'Dim2', 'Dim3Type', 'Dim3', 'DataSourceDimType', 'DataSourceDim', 'Valu...</msg>
<status status="PASS" starttime="20231128 13:38:20.392" endtime="20231128 13:38:20.404"/>
</kw>
<kw name="Create List" library="BuiltIn">
<var>${latest_data_by_country}</var>
<doc>Returns a list containing given items.</doc>
<msg timestamp="20231128 13:38:20.404" level="INFO">${latest_data_by_country} = []</msg>
<status status="PASS" starttime="20231128 13:38:20.404" endtime="20231128 13:38:20.404"/>
</kw>
<for flavor="IN">
<var>${group}</var>
<value>@{table}</value>
<iter>
<var name="${group}">Table(columns=['Id', 'IndicatorCode', 'SpatialDimType', 'SpatialDim', 'TimeDimType', 'TimeDim', 'Dim1Type', 'Dim1', 'Dim2Type', 'Dim2', 'Dim3Type', 'Dim3', 'DataSourceDimType', 'DataSourceDim', 'Value...</var>
<kw name="Pop Table Row" library="RPA.Tables">
<var>${first_row}</var>
<arg>${group}</arg>
<doc>Remove row from table and return it.</doc>
<msg timestamp="20231128 13:38:20.408" level="INFO">${first_row} = {'Id': 25414305, 'IndicatorCode': 'RS_198', 'SpatialDimType': 'COUNTRY', 'SpatialDim': 'VCT', 'TimeDimType': 'YEAR', 'TimeDim': 2011, 'Dim1Type': 'SEX', 'Dim1': 'BTSX', 'Dim2Type': None, 'Dim2': None,...</msg>
<status status="PASS" starttime="20231128 13:38:20.404" endtime="20231128 13:38:20.408"/>
</kw>
<kw name="Append To List" library="Collections">
<arg>${latest_data_by_country}</arg>
<arg>${first_row}</arg>
<doc>Adds ``values`` to the end of ``list``.</doc>
<status status="PASS" starttime="20231128 13:38:20.408" endtime="20231128 13:38:20.408"/>
</kw>
<status status="PASS" starttime="20231128 13:38:20.404" endtime="20231128 13:38:20.408"/>
</iter>
<iter>
<var name="${group}">Table(columns=['Id', 'IndicatorCode', 'SpatialDimType', 'SpatialDim', 'TimeDimType', 'TimeDim', 'Dim1Type', 'Dim1', 'Dim2Type', 'Dim2', 'Dim3Type', 'Dim3', 'DataSourceDimType', 'DataSourceDim', 'Value...</var>
<kw name="Pop Table Row" library="RPA.Tables">
<var>${first_row}</var>
<arg>${group}</arg>
<doc>Remove row from table and return it.</doc>
<msg timestamp="20231128 13:38:20.408" level="INFO">${first_row} = {'Id': 25396290, 'IndicatorCode': 'RS_198', 'SpatialDimType': 'COUNTRY', 'SpatialDim': 'SWError', 'TimeDimType': 'YEAR', 'TimeDim': 2019, 'Dim1Type': 'SEX', 'Dim1': 'BTSX', 'Dim2Type': None, 'Dim2': N...</msg>
<status status="PASS" starttime="20231128 13:38:20.408" endtime="20231128 13:38:20.408"/>
</kw>
<kw name="Append To List" library="Collections">
<arg>${latest_data_by_country}</arg>
<arg>${first_row}</arg>
<doc>Adds ``values`` to the end of ``list``.</doc>
<status status="PASS" starttime="20231128 13:38:20.408" endtime="20231128 13:38:20.408"/>
</kw>
<status status="PASS" starttime="20231128 13:38:20.408" endtime="20231128 13:38:20.408"/>
</iter>
<iter>
<var name="${group}">Table(columns=['Id', 'IndicatorCode', 'SpatialDimType', 'SpatialDim', 'TimeDimType', 'TimeDim', 'Dim1Type', 'Dim1', 'Dim2Type', 'Dim2', 'Dim3Type', 'Dim3', 'DataSourceDimType', 'DataSourceDim', 'Value...</var>
<kw name="Pop Table Row" library="RPA.Tables">
<var>${first_row}</var>
<arg>${group}</arg>
<doc>Remove row from table and return it.</doc>
<msg timestamp="20231128 13:38:20.412" level="INFO">${first_row} = {'Id': 25396263, 'IndicatorCode': 'RS_198', 'SpatialDimType': 'COUNTRY', 'SpatialDim': 'SWE', 'TimeDimType': 'YEAR', 'TimeDim': 2018, 'Dim1Type': 'SEX', 'Dim1': 'BTSX', 'Dim2Type': None, 'Dim2': None,...</msg>
<status status="PASS" starttime="20231128 13:38:20.408" endtime="20231128 13:38:20.412"/>
</kw>
<kw name="Append To List" library="Collections">
<arg>${latest_data_by_country}</arg>
<arg>${first_row}</arg>
<doc>Adds ``values`` to the end of ``list``.</doc>
<status status="PASS" starttime="20231128 13:38:20.412" endtime="20231128 13:38:20.412"/>
</kw>
<status status="PASS" starttime="20231128 13:38:20.408" endtime="20231128 13:38:20.412"/>
</iter>
<iter>
<var name="${group}">Table(columns=['Id', 'IndicatorCode', 'SpatialDimType', 'SpatialDim', 'TimeDimType', 'TimeDim', 'Dim1Type', 'Dim1', 'Dim2Type', 'Dim2', 'Dim3Type', 'Dim3', 'DataSourceDimType', 'DataSourceDim', 'Value...</var>
<kw name="Pop Table Row" library="RPA.Tables">
<var>${first_row}</var>
<arg>${group}</arg>
<doc>Remove row from table and return it.</doc>
<msg timestamp="20231128 13:38:20.412" level="INFO">${first_row} = {'Id': 25395399, 'IndicatorCode': 'RS_198', 'SpatialDimType': 'COUNTRY', 'SpatialDim': 'SVN', 'TimeDimType': 'YEAR', 'TimeDim': 2018, 'Dim1Type': 'SEX', 'Dim1': 'BTSX', 'Dim2Type': None, 'Dim2': None,...</msg>
<status status="PASS" starttime="20231128 13:38:20.412" endtime="20231128 13:38:20.412"/>
</kw>
<kw name="Append To List" library="Collections">
<arg>${latest_data_by_country}</arg>
<arg>${first_row}</arg>
<doc>Adds ``values`` to the end of ``list``.</doc>
<status status="PASS" starttime="20231128 13:38:20.412" endtime="20231128 13:38:20.412"/>
</kw>
<status status="PASS" starttime="20231128 13:38:20.412" endtime="20231128 13:38:20.412"/>
</iter>
<iter>
<var name="${group}">Table(columns=['Id', 'IndicatorCode', 'SpatialDimType', 'SpatialDim', 'TimeDimType', 'TimeDim', 'Dim1Type', 'Dim1', 'Dim2Type', 'Dim2', 'Dim3Type', 'Dim3', 'DataSourceDimType', 'DataSourceDim', 'Value...</var>
<kw name="Pop Table Row" library="RPA.Tables">
<var>${first_row}</var>
<arg>${group}</arg>
<doc>Remove row from table and return it.</doc>
<msg timestamp="20231128 13:38:20.412" level="INFO">${first_row} = {'Id': 25386375, 'IndicatorCode': 'RS_198', 'SpatialDimType': 'COUNTRY', 'SpatialDim': 'SGP', 'TimeDimType': 'YEAR', 'TimeDim': 2019, 'Dim1Type': 'SEX', 'Dim1': 'BTSX', 'Dim2Type': None, 'Dim2': None,...</msg>
<status status="PASS" starttime="20231128 13:38:20.412" endtime="20231128 13:38:20.412"/>
</kw>
<kw name="Append To List" library="Collections">
<arg>${latest_data_by_country}</arg>
<arg>${first_row}</arg>
<doc>Adds ``values`` to the end of ``list``.</doc>
<status status="PASS" starttime="20231128 13:38:20.412" endtime="20231128 13:38:20.412"/>
</kw>
<status status="PASS" starttime="20231128 13:38:20.412" endtime="20231128 13:38:20.412"/>
</iter>
<iter>
<var name="${group}">Table(columns=['Id', 'IndicatorCode', 'SpatialDimType', 'SpatialDim', 'TimeDimType', 'TimeDim', 'Dim1Type', 'Dim1', 'Dim2Type', 'Dim2', 'Dim3Type', 'Dim3', 'DataSourceDimType', 'DataSourceDim', 'Value...</var>
<kw name="Pop Table Row" library="RPA.Tables">
<var>${first_row}</var>
<arg>${group}</arg>
<doc>Remove row from table and return it.</doc>
<msg timestamp="20231128 13:38:20.412" level="INFO">${first_row} = {'Id': 25368358, 'IndicatorCode': 'RS_198', 'SpatialDimType': 'COUNTRY', 'SpatialDim': 'NOR', 'TimeDimType': 'YEAR', 'TimeDim': 2019, 'Dim1Type': 'SEX', 'Dim1': 'BTSX', 'Dim2Type': None, 'Dim2': None,...</msg>
<status status="PASS" starttime="20231128 13:38:20.412" endtime="20231128 13:38:20.412"/>
</kw>
<kw name="Append To List" library="Collections">
<arg>${latest_data_by_country}</arg>
<arg>${first_row}</arg>
<doc>Adds ``values`` to the end of ``list``.</doc>
<status status="PASS" starttime="20231128 13:38:20.412" endtime="20231128 13:38:20.412"/>
</kw>
<status status="PASS" starttime="20231128 13:38:20.412" endtime="20231128 13:38:20.412"/>
</iter>
<iter>
<var name="${group}">Table(columns=['Id', 'IndicatorCode', 'SpatialDimType', 'SpatialDim', 'TimeDimType', 'TimeDim', 'Dim1Type', 'Dim1', 'Dim2Type', 'Dim2', 'Dim3Type', 'Dim3', 'DataSourceDimType', 'DataSourceDim', 'Value...</var>
<kw name="Pop Table Row" library="RPA.Tables">
<var>${first_row}</var>
<arg>${group}</arg>
<doc>Remove row from table and return it.</doc>
<msg timestamp="20231128 13:38:20.412" level="INFO">${first_row} = {'Id': 25367485, 'IndicatorCode': 'RS_198', 'SpatialDimType': 'COUNTRY', 'SpatialDim': 'NLD', 'TimeDimType': 'YEAR', 'TimeDim': 2019, 'Dim1Type': 'SEX', 'Dim1': 'BTSX', 'Dim2Type': None, 'Dim2': None,...</msg>
<status status="PASS" starttime="20231128 13:38:20.412" endtime="20231128 13:38:20.412"/>
</kw>
<kw name="Append To List" library="Collections">
<arg>${latest_data_by_country}</arg>
<arg>${first_row}</arg>
<doc>Adds ``values`` to the end of ``list``.</doc>
<status status="PASS" starttime="20231128 13:38:20.412" endtime="20231128 13:38:20.412"/>
</kw>
<status status="PASS" starttime="20231128 13:38:20.412" endtime="20231128 13:38:20.412"/>
</iter>
<iter>
<var name="${group}">Table(columns=['Id', 'IndicatorCode', 'SpatialDimType', 'SpatialDim', 'TimeDimType', 'TimeDim', 'Dim1Type', 'Dim1', 'Dim2Type', 'Dim2', 'Dim3Type', 'Dim3', 'DataSourceDimType', 'DataSourceDim', 'Value...</var>
<kw name="Pop Table Row" library="RPA.Tables">
<var>${first_row}</var>
<arg>${group}</arg>
<doc>Remove row from table and return it.</doc>
<msg timestamp="20231128 13:38:20.422" level="INFO">${first_row} = {'Id': 25355795, 'IndicatorCode': 'RS_198', 'SpatialDimType': 'COUNTRY', 'SpatialDim': 'MLT', 'TimeDimType': 'YEAR', 'TimeDim': 2019, 'Dim1Type': 'SEX', 'Dim1': 'BTSX', 'Dim2Type': None, 'Dim2': None,...</msg>
<status status="PASS" starttime="20231128 13:38:20.412" endtime="20231128 13:38:20.422"/>
</kw>
<kw name="Append To List" library="Collections">
<arg>${latest_data_by_country}</arg>
<arg>${first_row}</arg>
<doc>Adds ``values`` to the end of ``list``.</doc>
<status status="PASS" starttime="20231128 13:38:20.422" endtime="20231128 13:38:20.422"/>
</kw>
<status status="PASS" starttime="20231128 13:38:20.412" endtime="20231128 13:38:20.422"/>
</iter>
<iter>
<var name="${group}">Table(columns=['Id', 'IndicatorCode', 'SpatialDimType', 'SpatialDim', 'TimeDimType', 'TimeDim', 'Dim1Type', 'Dim1', 'Dim2Type', 'Dim2', 'Dim3Type', 'Dim3', 'DataSourceDimType', 'DataSourceDim', 'Value...</var>
<kw name="Pop Table Row" library="RPA.Tables">
<var>${first_row}</var>
<arg>${group}</arg>
<doc>Remove row from table and return it.</doc>
<msg timestamp="20231128 13:38:20.422" level="INFO">${first_row} = {'Id': 25352172, 'IndicatorCode': 'RS_198', 'SpatialDimType': 'COUNTRY', 'SpatialDim': 'MDV', 'TimeDimType': 'YEAR', 'TimeDim': 2019, 'Dim1Type': 'SEX', 'Dim1': 'BTSX', 'Dim2Type': None, 'Dim2': None,...</msg>
<status status="PASS" starttime="20231128 13:38:20.422" endtime="20231128 13:38:20.422"/>
</kw>
<kw name="Append To List" library="Collections">
<arg>${latest_data_by_country}</arg>
<arg>${first_row}</arg>
<doc>Adds ``values`` to the end of ``list``.</doc>
<status status="PASS" starttime="20231128 13:38:20.422" endtime="20231128 13:38:20.422"/>
</kw>
<status status="PASS" starttime="20231128 13:38:20.422" endtime="20231128 13:38:20.425"/>
</iter>
<iter>
<var name="${group}">Table(columns=['Id', 'IndicatorCode', 'SpatialDimType', 'SpatialDim', 'TimeDimType', 'TimeDim', 'Dim1Type', 'Dim1', 'Dim2Type', 'Dim2', 'Dim3Type', 'Dim3', 'DataSourceDimType', 'DataSourceDim', 'Value...</var>
<kw name="Pop Table Row" library="RPA.Tables">
<var>${first_row}</var>
<arg>${group}</arg>
<doc>Remove row from table and return it.</doc>
<msg timestamp="20231128 13:38:20.426" level="INFO">${first_row} = {'Id': 25347667, 'IndicatorCode': 'RS_198', 'SpatialDimType': 'COUNTRY', 'SpatialDim': 'LUX', 'TimeDimType': 'YEAR', 'TimeDim': 2019, 'Dim1Type': 'SEX', 'Dim1': 'BTSX', 'Dim2Type': None, 'Dim2': None,...</msg>
<status status="PASS" starttime="20231128 13:38:20.425" endtime="20231128 13:38:20.426"/>
</kw>
<kw name="Append To List" library="Collections">
<arg>${latest_data_by_country}</arg>
<arg>${first_row}</arg>
<doc>Adds ``values`` to the end of ``list``.</doc>
<status status="PASS" starttime="20231128 13:38:20.426" endtime="20231128 13:38:20.426"/>
</kw>
<status status="PASS" starttime="20231128 13:38:20.425" endtime="20231128 13:38:20.426"/>
</iter>
<iter>
<var name="${group}">Table(columns=['Id', 'IndicatorCode', 'SpatialDimType', 'SpatialDim', 'TimeDimType', 'TimeDim', 'Dim1Type', 'Dim1', 'Dim2Type', 'Dim2', 'Dim3Type', 'Dim3', 'DataSourceDimType', 'DataSourceDim', 'Value...</var>
<kw name="Pop Table Row" library="RPA.Tables">
<var>${first_row}</var>
<arg>${group}</arg>
<doc>Remove row from table and return it.</doc>
<msg timestamp="20231128 13:38:20.426" level="INFO">${first_row} = {'Id': 25344109, 'IndicatorCode': 'RS_198', 'SpatialDimType': 'COUNTRY', 'SpatialDim': 'LCA', 'TimeDimType': 'YEAR', 'TimeDim': 2008, 'Dim1Type': 'SEX', 'Dim1': 'BTSX', 'Dim2Type': None, 'Dim2': None,...</msg>
<status status="PASS" starttime="20231128 13:38:20.426" endtime="20231128 13:38:20.426"/>
</kw>
<kw name="Append To List" library="Collections">
<arg>${latest_data_by_country}</arg>
<arg>${first_row}</arg>
<doc>Adds ``values`` to the end of ``list``.</doc>
<status status="PASS" starttime="20231128 13:38:20.426" endtime="20231128 13:38:20.426"/>
</kw>
<status status="PASS" starttime="20231128 13:38:20.426" endtime="20231128 13:38:20.426"/>
</iter>
<iter>
<var name="${group}">Table(columns=['Id', 'IndicatorCode', 'SpatialDimType', 'SpatialDim', 'TimeDimType', 'TimeDim', 'Dim1Type', 'Dim1', 'Dim2Type', 'Dim2', 'Dim3Type', 'Dim3', 'DataSourceDimType', 'DataSourceDim', 'Value...</var>
<kw name="Pop Table Row" library="RPA.Tables">
<var>${first_row}</var>
<arg>${group}</arg>
<doc>Remove row from table and return it.</doc>
<msg timestamp="20231128 13:38:20.426" level="INFO">${first_row} = {'Id': 25337776, 'IndicatorCode': 'RS_198', 'SpatialDimType': 'COUNTRY', 'SpatialDim': 'KIR', 'TimeDimType': 'YEAR', 'TimeDim': 2019, 'Dim1Type': 'SEX', 'Dim1': 'BTSX', 'Dim2Type': None, 'Dim2': None,...</msg>
<status status="PASS" starttime="20231128 13:38:20.426" endtime="20231128 13:38:20.426"/>
</kw>
<kw name="Append To List" library="Collections">
<arg>${latest_data_by_country}</arg>
<arg>${first_row}</arg>
<doc>Adds ``values`` to the end of ``list``.</doc>
<status status="PASS" starttime="20231128 13:38:20.426" endtime="20231128 13:38:20.426"/>
</kw>
<status status="PASS" starttime="20231128 13:38:20.426" endtime="20231128 13:38:20.426"/>
</iter>
<iter>
<var name="${group}">Table(columns=['Id', 'IndicatorCode', 'SpatialDimType', 'SpatialDim', 'TimeDimType', 'TimeDim', 'Dim1Type', 'Dim1', 'Dim2Type', 'Dim2', 'Dim3Type', 'Dim3', 'DataSourceDimType', 'DataSourceDim', 'Value...</var>
<kw name="Pop Table Row" library="RPA.Tables">
<var>${first_row}</var>
<arg>${group}</arg>
<doc>Remove row from table and return it.</doc>
<msg timestamp="20231128 13:38:20.432" level="INFO">${first_row} = {'Id': 25333279, 'IndicatorCode': 'RS_198', 'SpatialDimType': 'COUNTRY', 'SpatialDim': 'JPN', 'TimeDimType': 'YEAR', 'TimeDim': 2019, 'Dim1Type': 'SEX', 'Dim1': 'BTSX', 'Dim2Type': None, 'Dim2': None,...</msg>
<status status="PASS" starttime="20231128 13:38:20.426" endtime="20231128 13:38:20.432"/>
</kw>
<kw name="Append To List" library="Collections">
<arg>${latest_data_by_country}</arg>
<arg>${first_row}</arg>
<doc>Adds ``values`` to the end of ``list``.</doc>
<status status="PASS" starttime="20231128 13:38:20.432" endtime="20231128 13:38:20.432"/>
</kw>
<status status="PASS" starttime="20231128 13:38:20.426" endtime="20231128 13:38:20.432"/>
</iter>
<iter>
<var name="${group}">Table(columns=['Id', 'IndicatorCode', 'SpatialDimType', 'SpatialDim', 'TimeDimType', 'TimeDim', 'Dim1Type', 'Dim1', 'Dim2Type', 'Dim2', 'Dim3Type', 'Dim3', 'DataSourceDimType', 'DataSourceDim', 'Value...</var>
<kw name="Pop Table Row" library="RPA.Tables">
<var>${first_row}</var>
<arg>${group}</arg>
<doc>Remove row from table and return it.</doc>
<msg timestamp="20231128 13:38:20.432" level="INFO">${first_row} = {'Id': 25329697, 'IndicatorCode': 'RS_198', 'SpatialDimType': 'COUNTRY', 'SpatialDim': 'ISR', 'TimeDimType': 'YEAR', 'TimeDim': 2019, 'Dim1Type': 'SEX', 'Dim1': 'BTSX', 'Dim2Type': None, 'Dim2': None,...</msg>
<status status="PASS" starttime="20231128 13:38:20.432" endtime="20231128 13:38:20.432"/>
</kw>
<kw name="Append To List" library="Collections">
<arg>${latest_data_by_country}</arg>
<arg>${first_row}</arg>
<doc>Adds ``values`` to the end of ``list``.</doc>
<status status="PASS" starttime="20231128 13:38:20.432" endtime="20231128 13:38:20.432"/>
</kw>
<status status="PASS" starttime="20231128 13:38:20.432" endtime="20231128 13:38:20.432"/>
</iter>
<iter>
<var name="${group}">Table(columns=['Id', 'IndicatorCode', 'SpatialDimType', 'SpatialDim', 'TimeDimType', 'TimeDim', 'Dim1Type', 'Dim1', 'Dim2Type', 'Dim2', 'Dim3Type', 'Dim3', 'DataSourceDimType', 'DataSourceDim', 'Value...</var>
<kw name="Pop Table Row" library="RPA.Tables">
<var>${first_row}</var>
<arg>${group}</arg>
<doc>Remove row from table and return it.</doc>
<msg timestamp="20231128 13:38:20.432" level="INFO">${first_row} = {'Id': 25328814, 'IndicatorCode': 'RS_198', 'SpatialDimType': 'COUNTRY', 'SpatialDim': 'ISL', 'TimeDimType': 'YEAR', 'TimeDim': 2019, 'Dim1Type': 'SEX', 'Dim1': 'BTSX', 'Dim2Type': None, 'Dim2': None,...</msg>
<status status="PASS" starttime="20231128 13:38:20.432" endtime="20231128 13:38:20.432"/>
</kw>
<kw name="Append To List" library="Collections">
<arg>${latest_data_by_country}</arg>
<arg>${first_row}</arg>
<doc>Adds ``values`` to the end of ``list``.</doc>
<status status="PASS" starttime="20231128 13:38:20.432" endtime="20231128 13:38:20.432"/>
</kw>
<status status="PASS" starttime="20231128 13:38:20.432" endtime="20231128 13:38:20.432"/>
</iter>
<iter>
<var name="${group}">Table(columns=['Id', 'IndicatorCode', 'SpatialDimType', 'SpatialDim', 'TimeDimType', 'TimeDim', 'Dim1Type', 'Dim1', 'Dim2Type', 'Dim2', 'Dim3Type', 'Dim3', 'DataSourceDimType', 'DataSourceDim', 'Value...</var>
<kw name="Pop Table Row" library="RPA.Tables">
<var>${first_row}</var>
<arg>${group}</arg>
<doc>Remove row from table and return it.</doc>
<msg timestamp="20231128 13:38:20.432" level="INFO">${first_row} = {'Id': 25326084, 'IndicatorCode': 'RS_198', 'SpatialDimType': 'COUNTRY', 'SpatialDim': 'IRL', 'TimeDimType': 'YEAR', 'TimeDim': 2019, 'Dim1Type': 'SEX', 'Dim1': 'BTSX', 'Dim2Type': None, 'Dim2': None,...</msg>
<status status="PASS" starttime="20231128 13:38:20.432" endtime="20231128 13:38:20.437"/>
</kw>
<kw name="Append To List" library="Collections">
<arg>${latest_data_by_country}</arg>
<arg>${first_row}</arg>
<doc>Adds ``values`` to the end of ``list``.</doc>
<status status="PASS" starttime="20231128 13:38:20.437" endtime="20231128 13:38:20.437"/>
</kw>
<status status="PASS" starttime="20231128 13:38:20.432" endtime="20231128 13:38:20.437"/>
</iter>
<iter>
<var name="${group}">Table(columns=['Id', 'IndicatorCode', 'SpatialDimType', 'SpatialDim', 'TimeDimType', 'TimeDim', 'Dim1Type', 'Dim1', 'Dim2Type', 'Dim2', 'Dim3Type', 'Dim3', 'DataSourceDimType', 'DataSourceDim', 'Value...</var>
<kw name="Pop Table Row" library="RPA.Tables">
<var>${first_row}</var>
<arg>${group}</arg>
<doc>Remove row from table and return it.</doc>
<msg timestamp="20231128 13:38:20.437" level="INFO">${first_row} = {'Id': 25318901, 'IndicatorCode': 'RS_198', 'SpatialDimType': 'COUNTRY', 'SpatialDim': 'GTM', 'TimeDimType': 'YEAR', 'TimeDim': 2006, 'Dim1Type': 'SEX', 'Dim1': 'BTSX', 'Dim2Type': None, 'Dim2': None,...</msg>
<status status="PASS" starttime="20231128 13:38:20.437" endtime="20231128 13:38:20.437"/>
</kw>
<kw name="Append To List" library="Collections">
<arg>${latest_data_by_country}</arg>
<arg>${first_row}</arg>
<doc>Adds ``values`` to the end of ``list``.</doc>
<status status="PASS" starttime="20231128 13:38:20.437" endtime="20231128 13:38:20.437"/>
</kw>
<status status="PASS" starttime="20231128 13:38:20.437" endtime="20231128 13:38:20.437"/>
</iter>
<iter>
<var name="${group}">Table(columns=['Id', 'IndicatorCode', 'SpatialDimType', 'SpatialDim', 'TimeDimType', 'TimeDim', 'Dim1Type', 'Dim1', 'Dim2Type', 'Dim2', 'Dim3Type', 'Dim3', 'DataSourceDimType', 'DataSourceDim', 'Value...</var>
<kw name="Pop Table Row" library="RPA.Tables">
<var>${first_row}</var>
<arg>${group}</arg>
<doc>Remove row from table and return it.</doc>
<msg timestamp="20231128 13:38:20.437" level="INFO">${first_row} = {'Id': 25317960, 'IndicatorCode': 'RS_198', 'SpatialDimType': 'COUNTRY', 'SpatialDim': 'GRD', 'TimeDimType': 'YEAR', 'TimeDim': 2014, 'Dim1Type': 'SEX', 'Dim1': 'BTSX', 'Dim2Type': None, 'Dim2': None,...</msg>
<status status="PASS" starttime="20231128 13:38:20.437" endtime="20231128 13:38:20.437"/>
</kw>
<kw name="Append To List" library="Collections">
<arg>${latest_data_by_country}</arg>
<arg>${first_row}</arg>
<doc>Adds ``values`` to the end of ``list``.</doc>
<status status="PASS" starttime="20231128 13:38:20.437" endtime="20231128 13:38:20.437"/>
</kw>
<status status="PASS" starttime="20231128 13:38:20.437" endtime="20231128 13:38:20.437"/>
</iter>
<iter>
<var name="${group}">Table(columns=['Id', 'IndicatorCode', 'SpatialDimType', 'SpatialDim', 'TimeDimType', 'TimeDim', 'Dim1Type', 'Dim1', 'Dim2Type', 'Dim2', 'Dim3Type', 'Dim3', 'DataSourceDimType', 'DataSourceDim', 'Value...</var>
<kw name="Pop Table Row" library="RPA.Tables">
<var>${first_row}</var>
<arg>${group}</arg>
<doc>Remove row from table and return it.</doc>
<msg timestamp="20231128 13:38:20.442" level="INFO">${first_row} = {'Id': 25310762, 'IndicatorCode': 'RS_198', 'SpatialDimType': 'COUNTRY', 'SpatialDim': 'GBR', 'TimeDimType': 'YEAR', 'TimeDim': 2019, 'Dim1Type': 'SEX', 'Dim1': 'BTSX', 'Dim2Type': None, 'Dim2': None,...</msg>
<status status="PASS" starttime="20231128 13:38:20.441" endtime="20231128 13:38:20.442"/>
</kw>
<kw name="Append To List" library="Collections">
<arg>${latest_data_by_country}</arg>
<arg>${first_row}</arg>
<doc>Adds ``values`` to the end of ``list``.</doc>
<status status="PASS" starttime="20231128 13:38:20.442" endtime="20231128 13:38:20.442"/>
</kw>
<status status="PASS" starttime="20231128 13:38:20.437" endtime="20231128 13:38:20.442"/>
</iter>
<iter>
<var name="${group}">Table(columns=['Id', 'IndicatorCode', 'SpatialDimType', 'SpatialDim', 'TimeDimType', 'TimeDim', 'Dim1Type', 'Dim1', 'Dim2Type', 'Dim2', 'Dim3Type', 'Dim3', 'DataSourceDimType', 'DataSourceDim', 'Value...</var>
<kw name="Pop Table Row" library="RPA.Tables">
<var>${first_row}</var>
<arg>${group}</arg>
<doc>Remove row from table and return it.</doc>
<msg timestamp="20231128 13:38:20.442" level="INFO">${first_row} = {'Id': 25308972, 'IndicatorCode': 'RS_198', 'SpatialDimType': 'COUNTRY', 'SpatialDim': 'FSM', 'TimeDimType': 'YEAR', 'TimeDim': 2019, 'Dim1Type': 'SEX', 'Dim1': 'BTSX', 'Dim2Type': None, 'Dim2': None,...</msg>
<status status="PASS" starttime="20231128 13:38:20.442" endtime="20231128 13:38:20.442"/>
</kw>
<kw name="Append To List" library="Collections">
<arg>${latest_data_by_country}</arg>
<arg>${first_row}</arg>
<doc>Adds ``values`` to the end of ``list``.</doc>
<status status="PASS" starttime="20231128 13:38:20.442" endtime="20231128 13:38:20.442"/>
</kw>
<status status="PASS" starttime="20231128 13:38:20.442" endtime="20231128 13:38:20.442"/>
</iter>
<iter>
<var name="${group}">Table(columns=['Id', 'IndicatorCode', 'SpatialDimType', 'SpatialDim', 'TimeDimType', 'TimeDim', 'Dim1Type', 'Dim1', 'Dim2Type', 'Dim2', 'Dim3Type', 'Dim3', 'DataSourceDimType', 'DataSourceDim', 'Value...</var>
<kw name="Pop Table Row" library="RPA.Tables">
<var>${first_row}</var>
<arg>${group}</arg>
<doc>Remove row from table and return it.</doc>
<msg timestamp="20231128 13:38:20.442" level="INFO">${first_row} = {'Id': 25306262, 'IndicatorCode': 'RS_198', 'SpatialDimType': 'COUNTRY', 'SpatialDim': 'FIN', 'TimeDimType': 'YEAR', 'TimeDim': 2019, 'Dim1Type': 'SEX', 'Dim1': 'BTSX', 'Dim2Type': None, 'Dim2': None,...</msg>
<status status="PASS" starttime="20231128 13:38:20.442" endtime="20231128 13:38:20.442"/>
</kw>
<kw name="Append To List" library="Collections">
<arg>${latest_data_by_country}</arg>
<arg>${first_row}</arg>
<doc>Adds ``values`` to the end of ``list``.</doc>
<status status="PASS" starttime="20231128 13:38:20.442" endtime="20231128 13:38:20.442"/>
</kw>
<status status="PASS" starttime="20231128 13:38:20.442" endtime="20231128 13:38:20.448"/>
</iter>
<iter>
<var name="${group}">Table(columns=['Id', 'IndicatorCode', 'SpatialDimType', 'SpatialDim', 'TimeDimType', 'TimeDim', 'Dim1Type', 'Dim1', 'Dim2Type', 'Dim2', 'Dim3Type', 'Dim3', 'DataSourceDimType', 'DataSourceDim', 'Value...</var>
<kw name="Pop Table Row" library="RPA.Tables">
<var>${first_row}</var>
<arg>${group}</arg>
<doc>Remove row from table and return it.</doc>
<msg timestamp="20231128 13:38:20.448" level="INFO">${first_row} = {'Id': 25304500, 'IndicatorCode': 'RS_198', 'SpatialDimType': 'COUNTRY', 'SpatialDim': 'EST', 'TimeDimType': 'YEAR', 'TimeDim': 2019, 'Dim1Type': 'SEX', 'Dim1': 'BTSX', 'Dim2Type': None, 'Dim2': None,...</msg>
<status status="PASS" starttime="20231128 13:38:20.448" endtime="20231128 13:38:20.448"/>
</kw>
<kw name="Append To List" library="Collections">
<arg>${latest_data_by_country}</arg>
<arg>${first_row}</arg>
<doc>Adds ``values`` to the end of ``list``.</doc>
<status status="PASS" starttime="20231128 13:38:20.448" endtime="20231128 13:38:20.448"/>
</kw>
<status status="PASS" starttime="20231128 13:38:20.448" endtime="20231128 13:38:20.448"/>
</iter>
<iter>
<var name="${group}">Table(columns=['Id', 'IndicatorCode', 'SpatialDimType', 'SpatialDim', 'TimeDimType', 'TimeDim', 'Dim1Type', 'Dim1', 'Dim2Type', 'Dim2', 'Dim3Type', 'Dim3', 'DataSourceDimType', 'DataSourceDim', 'Value...</var>
<kw name="Pop Table Row" library="RPA.Tables">
<var>${first_row}</var>
<arg>${group}</arg>
<doc>Remove row from table and return it.</doc>
<msg timestamp="20231128 13:38:20.448" level="INFO">${first_row} = {'Id': 25303612, 'IndicatorCode': 'RS_198', 'SpatialDimType': 'COUNTRY', 'SpatialDim': 'ESP', 'TimeDimType': 'YEAR', 'TimeDim': 2019, 'Dim1Type': 'SEX', 'Dim1': 'BTSX', 'Dim2Type': None, 'Dim2': None,...</msg>
<status status="PASS" starttime="20231128 13:38:20.448" endtime="20231128 13:38:20.448"/>
</kw>
<kw name="Append To List" library="Collections">
<arg>${latest_data_by_country}</arg>
<arg>${first_row}</arg>
<doc>Adds ``values`` to the end of ``list``.</doc>
<status status="PASS" starttime="20231128 13:38:20.448" endtime="20231128 13:38:20.448"/>
</kw>
<status status="PASS" starttime="20231128 13:38:20.448" endtime="20231128 13:38:20.448"/>
</iter>
<iter>
<var name="${group}">Table(columns=['Id', 'IndicatorCode', 'SpatialDimType', 'SpatialDim', 'TimeDimType', 'TimeDim', 'Dim1Type', 'Dim1', 'Dim2Type', 'Dim2', 'Dim3Type', 'Dim3', 'DataSourceDimType', 'DataSourceDim', 'Value...</var>
<kw name="Pop Table Row" library="RPA.Tables">
<var>${first_row}</var>
<arg>${group}</arg>
<doc>Remove row from table and return it.</doc>
<msg timestamp="20231128 13:38:20.452" level="INFO">${first_row} = {'Id': 25298206, 'IndicatorCode': 'RS_198', 'SpatialDimType': 'COUNTRY', 'SpatialDim': 'DNK', 'TimeDimType': 'YEAR', 'TimeDim': 2019, 'Dim1Type': 'SEX', 'Dim1': 'BTSX', 'Dim2Type': None, 'Dim2': None,...</msg>
<status status="PASS" starttime="20231128 13:38:20.452" endtime="20231128 13:38:20.452"/>
</kw>
<kw name="Append To List" library="Collections">
<arg>${latest_data_by_country}</arg>
<arg>${first_row}</arg>
<doc>Adds ``values`` to the end of ``list``.</doc>
<status status="PASS" starttime="20231128 13:38:20.452" endtime="20231128 13:38:20.452"/>
</kw>
<status status="PASS" starttime="20231128 13:38:20.448" endtime="20231128 13:38:20.452"/>
</iter>
<iter>
<var name="${group}">Table(columns=['Id', 'IndicatorCode', 'SpatialDimType', 'SpatialDim', 'TimeDimType', 'TimeDim', 'Dim1Type', 'Dim1', 'Dim2Type', 'Dim2', 'Dim3Type', 'Dim3', 'DataSourceDimType', 'DataSourceDim', 'Value...</var>
<kw name="Pop Table Row" library="RPA.Tables">
<var>${first_row}</var>
<arg>${group}</arg>
<doc>Remove row from table and return it.</doc>
<msg timestamp="20231128 13:38:20.452" level="INFO">${first_row} = {'Id': 25296399, 'IndicatorCode': 'RS_198', 'SpatialDimType': 'COUNTRY', 'SpatialDim': 'DEU', 'TimeDimType': 'YEAR', 'TimeDim': 2019, 'Dim1Type': 'SEX', 'Dim1': 'BTSX', 'Dim2Type': None, 'Dim2': None,...</msg>
<status status="PASS" starttime="20231128 13:38:20.452" endtime="20231128 13:38:20.452"/>
</kw>
<kw name="Append To List" library="Collections">
<arg>${latest_data_by_country}</arg>
<arg>${first_row}</arg>
<doc>Adds ``values`` to the end of ``list``.</doc>
<status status="PASS" starttime="20231128 13:38:20.452" endtime="20231128 13:38:20.452"/>
</kw>
<status status="PASS" starttime="20231128 13:38:20.452" endtime="20231128 13:38:20.452"/>
</iter>
<iter>
<var name="${group}">Table(columns=['Id', 'IndicatorCode', 'SpatialDimType', 'SpatialDim', 'TimeDimType', 'TimeDim', 'Dim1Type', 'Dim1', 'Dim2Type', 'Dim2', 'Dim3Type', 'Dim3', 'DataSourceDimType', 'DataSourceDim', 'Value...</var>
<kw name="Pop Table Row" library="RPA.Tables">
<var>${first_row}</var>
<arg>${group}</arg>
<doc>Remove row from table and return it.</doc>
<msg timestamp="20231128 13:38:20.452" level="INFO">${first_row} = {'Id': 25294595, 'IndicatorCode': 'RS_198', 'SpatialDimType': 'COUNTRY', 'SpatialDim': 'CYP', 'TimeDimType': 'YEAR', 'TimeDim': 2013, 'Dim1Type': 'SEX', 'Dim1': 'BTSX', 'Dim2Type': None, 'Dim2': None,...</msg>
<status status="PASS" starttime="20231128 13:38:20.452" endtime="20231128 13:38:20.452"/>
</kw>
<kw name="Append To List" library="Collections">
<arg>${latest_data_by_country}</arg>
<arg>${first_row}</arg>
<doc>Adds ``values`` to the end of ``list``.</doc>
<status status="PASS" starttime="20231128 13:38:20.452" endtime="20231128 13:38:20.452"/>
</kw>
<status status="PASS" starttime="20231128 13:38:20.452" endtime="20231128 13:38:20.452"/>
</iter>
<iter>
<var name="${group}">Table(columns=['Id', 'IndicatorCode', 'SpatialDimType', 'SpatialDim', 'TimeDimType', 'TimeDim', 'Dim1Type', 'Dim1', 'Dim2Type', 'Dim2', 'Dim3Type', 'Dim3', 'DataSourceDimType', 'DataSourceDim', 'Value...</var>
<kw name="Pop Table Row" library="RPA.Tables">
<var>${first_row}</var>
<arg>${group}</arg>
<doc>Remove row from table and return it.</doc>
<msg timestamp="20231128 13:38:20.457" level="INFO">${first_row} = {'Id': 25283809, 'IndicatorCode': 'RS_198', 'SpatialDimType': 'COUNTRY', 'SpatialDim': 'CHE', 'TimeDimType': 'YEAR', 'TimeDim': 2019, 'Dim1Type': 'SEX', 'Dim1': 'BTSX', 'Dim2Type': None, 'Dim2': None,...</msg>
<status status="PASS" starttime="20231128 13:38:20.457" endtime="20231128 13:38:20.457"/>
</kw>
<kw name="Append To List" library="Collections">
<arg>${latest_data_by_country}</arg>
<arg>${first_row}</arg>
<doc>Adds ``values`` to the end of ``list``.</doc>
<status status="PASS" starttime="20231128 13:38:20.457" endtime="20231128 13:38:20.457"/>
</kw>
<status status="PASS" starttime="20231128 13:38:20.452" endtime="20231128 13:38:20.458"/>
</iter>
<iter>
<var name="${group}">Table(columns=['Id', 'IndicatorCode', 'SpatialDimType', 'SpatialDim', 'TimeDimType', 'TimeDim', 'Dim1Type', 'Dim1', 'Dim2Type', 'Dim2', 'Dim3Type', 'Dim3', 'DataSourceDimType', 'DataSourceDim', 'Value...</var>
<kw name="Pop Table Row" library="RPA.Tables">
<var>${first_row}</var>
<arg>${group}</arg>
<doc>Remove row from table and return it.</doc>
<msg timestamp="20231128 13:38:20.459" level="INFO">${first_row} = {'Id': 25264908, 'IndicatorCode': 'RS_198', 'SpatialDimType': 'COUNTRY', 'SpatialDim': 'AUT', 'TimeDimType': 'YEAR', 'TimeDim': 2019, 'Dim1Type': 'SEX', 'Dim1': 'BTSX', 'Dim2Type': None, 'Dim2': None,...</msg>
<status status="PASS" starttime="20231128 13:38:20.459" endtime="20231128 13:38:20.459"/>
</kw>
<kw name="Append To List" library="Collections">
<arg>${latest_data_by_country}</arg>
<arg>${first_row}</arg>
<doc>Adds ``values`` to the end of ``list``.</doc>
<status status="PASS" starttime="20231128 13:38:20.459" endtime="20231128 13:38:20.459"/>
</kw>
<status status="PASS" starttime="20231128 13:38:20.458" endtime="20231128 13:38:20.459"/>
</iter>
<iter>
<var name="${group}">Table(columns=['Id', 'IndicatorCode', 'SpatialDimType', 'SpatialDim', 'TimeDimType', 'TimeDim', 'Dim1Type', 'Dim1', 'Dim2Type', 'Dim2', 'Dim3Type', 'Dim3', 'DataSourceDimType', 'DataSourceDim', 'Value...</var>
<kw name="Pop Table Row" library="RPA.Tables">
<var>${first_row}</var>
<arg>${group}</arg>
<doc>Remove row from table and return it.</doc>
<msg timestamp="20231128 13:38:20.462" level="INFO">${first_row} = {'Id': 25263981, 'IndicatorCode': 'RS_198', 'SpatialDimType': 'COUNTRY', 'SpatialDim': 'AUS', 'TimeDimType': 'YEAR', 'TimeDim': 2019, 'Dim1Type': 'SEX', 'Dim1': 'BTSX', 'Dim2Type': None, 'Dim2': None,...</msg>
<status status="PASS" starttime="20231128 13:38:20.459" endtime="20231128 13:38:20.462"/>
</kw>
<kw name="Append To List" library="Collections">
<arg>${latest_data_by_country}</arg>
<arg>${first_row}</arg>
<doc>Adds ``values`` to the end of ``list``.</doc>
<status status="PASS" starttime="20231128 13:38:20.462" endtime="20231128 13:38:20.462"/>
</kw>
<status status="PASS" starttime="20231128 13:38:20.459" endtime="20231128 13:38:20.462"/>
</iter>
<iter>
<var name="${group}">Table(columns=['Id', 'IndicatorCode', 'SpatialDimType', 'SpatialDim', 'TimeDimType', 'TimeDim', 'Dim1Type', 'Dim1', 'Dim2Type', 'Dim2', 'Dim3Type', 'Dim3', 'DataSourceDimType', 'DataSourceDim', 'Value...</var>
<kw name="Pop Table Row" library="RPA.Tables">
<var>${first_row}</var>
<arg>${group}</arg>
<doc>Remove row from table and return it.</doc>
<msg timestamp="20231128 13:38:20.462" level="INFO">${first_row} = {'Id': 25263077, 'IndicatorCode': 'RS_198', 'SpatialDimType': 'COUNTRY', 'SpatialDim': 'ATG', 'TimeDimType': 'YEAR', 'TimeDim': 2019, 'Dim1Type': 'SEX', 'Dim1': 'BTSX', 'Dim2Type': None, 'Dim2': None,...</msg>
<status status="PASS" starttime="20231128 13:38:20.462" endtime="20231128 13:38:20.462"/>
</kw>
<kw name="Append To List" library="Collections">
<arg>${latest_data_by_country}</arg>
<arg>${first_row}</arg>
<doc>Adds ``values`` to the end of ``list``.</doc>
<status status="PASS" starttime="20231128 13:38:20.462" endtime="20231128 13:38:20.462"/>
</kw>
<status status="PASS" starttime="20231128 13:38:20.462" endtime="20231128 13:38:20.462"/>
</iter>
<status status="PASS" starttime="20231128 13:38:20.404" endtime="20231128 13:38:20.462"/>
</for>
<return>
<value>${latest_data_by_country}</value>
<status status="PASS" starttime="20231128 13:38:20.462" endtime="20231128 13:38:20.462"/>
</return>
<msg timestamp="20231128 13:38:20.462" level="INFO">${filtered_data} = [{'Id': 25414305, 'IndicatorCode': 'RS_198', 'SpatialDimType': 'COUNTRY', 'SpatialDim': 'VCT', 'TimeDimType': 'YEAR', 'TimeDim': 2011, 'Dim1Type': 'SEX', 'Dim1': 'BTSX', 'Dim2Type': None, 'Dim2': None...</msg>
<status status="PASS" starttime="20231128 13:38:20.391" endtime="20231128 13:38:20.462"/>
</kw>
<kw name="Create work item payloads">
<var>${payloads}</var>
<arg>${filtered_data}</arg>
<kw name="Create List" library="BuiltIn">
<var>${payloads}</var>
<doc>Returns a list containing given items.</doc>
<msg timestamp="20231128 13:38:20.462" level="INFO">${payloads} = []</msg>
<status status="PASS" starttime="20231128 13:38:20.462" endtime="20231128 13:38:20.462"/>
</kw>
<for flavor="IN">
<var>${row}</var>
<value>@{traffic_data}</value>
<iter>
<var name="${row}">{'Id': 25414305, 'IndicatorCode': 'RS_198', 'SpatialDimType': 'COUNTRY', 'SpatialDim': 'VCT', 'TimeDimType': 'YEAR', 'TimeDim': 2011, 'Dim1Type': 'SEX', 'Dim1': 'BTSX', 'Dim2Type': None, 'Dim2': None,...</var>
<kw>
<var>${payload}</var>
<msg timestamp="20231128 13:38:20.462" level="FAIL">Keyword name cannot be empty.</msg>
<status status="FAIL" starttime="20231128 13:38:20.462" endtime="20231128 13:38:20.462"/>
</kw>
<kw name="Create Dictionary" library="BuiltIn">
<arg>country=${row}[${COUNTRY_KEY}]</arg>
<arg>year=${row}[${YEAR_KEY}]</arg>
<arg>rate=${row}[${RATE_KEY}]</arg>
<doc>Creates and returns a dictionary based on the given ``items``.</doc>
<status status="NOT RUN" starttime="20231128 13:38:20.462" endtime="20231128 13:38:20.471"/>
</kw>
<kw name="Append To List" library="Collections">
<arg>${payloads}</arg>
<arg>${payload}</arg>
<doc>Adds ``values`` to the end of ``list``.</doc>
<status status="NOT RUN" starttime="20231128 13:38:20.471" endtime="20231128 13:38:20.471"/>
</kw>
<status status="FAIL" starttime="20231128 13:38:20.462" endtime="20231128 13:38:20.471"/>
</iter>
<status status="FAIL" starttime="20231128 13:38:20.462" endtime="20231128 13:38:20.471"/>
</for>
<return>
<value>${payloads}</value>
<status status="NOT RUN" starttime="20231128 13:38:20.472" endtime="20231128 13:38:20.472"/>
</return>
<status status="FAIL" starttime="20231128 13:38:20.462" endtime="20231128 13:38:20.472"/>
</kw>
<kw name="Save work item payloads">
<arg>${payloads}</arg>
<status status="NOT RUN" starttime="20231128 13:38:20.472" endtime="20231128 13:38:20.472"/>
</kw>
<status status="FAIL" starttime="20231128 13:38:17.332" endtime="20231128 13:38:20.475">Keyword name cannot be empty.</status>
</test>
<doc>Inhuman Insurance, Inc. Artificial Intelligence System robot.
Produces traffic data work items.</doc>
<status status="FAIL" starttime="20231128 13:38:13.049" endtime="20231128 13:38:20.482"/>
</suite>
<statistics>
<total>
<stat pass="0" fail="1" skip="0">All Tests</stat>
</total>
<tag>
</tag>
<suite>
<stat pass="0" fail="1" skip="0" id="s1" name="Producer">Producer</stat>
</suite>
</statistics>
<errors>
<msg timestamp="20231128 13:38:17.324" level="WARN">No input work items file found: None</msg>
<msg timestamp="20231128 13:38:20.475" level="ERROR">Releasing item '0' with FAILED state and exception: {'type': 'APPLICATION', 'code': None, 'message': 'Keyword name cannot be empty.'}</msg>
</errors>
</robot>
